<?xml version="1.0" encoding="UTF-8"?>
<testng-results skipped="0" failed="0" ignored="0" total="4" passed="4">
  <reporter-output>
  </reporter-output>
  <suite name="Regression" duration-ms="5403" started-at="2020-12-14T09:06:02 IST" finished-at="2020-12-14T09:06:08 IST">
    <groups>
    </groups>
    <test name="RegressionTests" duration-ms="5403" started-at="2020-12-14T09:06:02 IST" finished-at="2020-12-14T09:06:08 IST">
      <class name="AbcTests">
        <test-method status="PASS" signature="test_1()[pri:0, instance:AbcTests@72ce0c67]" name="test_1" duration-ms="4596" started-at="2020-12-14T09:06:02 IST" finished-at="2020-12-14T09:06:07 IST">
          <reporter-output>
          </reporter-output>
        </test-method> <!-- test_1 -->
        <test-method status="PASS" signature="test_2()[pri:0, instance:AbcTests@72ce0c67]" name="test_2" duration-ms="280" started-at="2020-12-14T09:06:07 IST" finished-at="2020-12-14T09:06:07 IST">
          <reporter-output>
          </reporter-output>
        </test-method> <!-- test_2 -->
        <test-method status="PASS" signature="test_3()[pri:0, instance:AbcTests@72ce0c67]" name="test_3" duration-ms="249" started-at="2020-12-14T09:06:07 IST" finished-at="2020-12-14T09:06:08 IST">
          <reporter-output>
          </reporter-output>
        </test-method> <!-- test_3 -->
        <test-method status="PASS" signature="test_4()[pri:0, instance:AbcTests@72ce0c67]" name="test_4" duration-ms="207" started-at="2020-12-14T09:06:08 IST" finished-at="2020-12-14T09:06:08 IST">
          <reporter-output>
          </reporter-output>
        </test-method> <!-- test_4 -->
      </class> <!-- AbcTests -->
    </test> <!-- RegressionTests -->
  </suite> <!-- Regression -->
</testng-results>
