<?xml version="1.0" encoding="UTF-8"?>
<testng-results skipped="0" failed="0" ignored="0" total="4" passed="4">
  <reporter-output>
  </reporter-output>
  <suite name="Gradle suite" duration-ms="4218" started-at="2020-12-07T18:51:20 IST" finished-at="2020-12-07T18:51:24 IST">
    <groups>
    </groups>
    <test name="Gradle test" duration-ms="4218" started-at="2020-12-07T18:51:20 IST" finished-at="2020-12-07T18:51:24 IST">
      <class name="AbcTests">
        <test-method status="PASS" signature="test_1()[pri:0, instance:AbcTests@774d72ba]" name="test_1" duration-ms="3526" started-at="2020-12-07T18:51:20 IST" finished-at="2020-12-07T18:51:23 IST">
          <reporter-output>
          </reporter-output>
        </test-method> <!-- test_1 -->
        <test-method status="PASS" signature="test_2()[pri:0, instance:AbcTests@774d72ba]" name="test_2" duration-ms="250" started-at="2020-12-07T18:51:23 IST" finished-at="2020-12-07T18:51:23 IST">
          <reporter-output>
          </reporter-output>
        </test-method> <!-- test_2 -->
        <test-method status="PASS" signature="test_3()[pri:0, instance:AbcTests@774d72ba]" name="test_3" duration-ms="177" started-at="2020-12-07T18:51:23 IST" finished-at="2020-12-07T18:51:24 IST">
          <reporter-output>
          </reporter-output>
        </test-method> <!-- test_3 -->
        <test-method status="PASS" signature="test_4()[pri:0, instance:AbcTests@774d72ba]" name="test_4" duration-ms="187" started-at="2020-12-07T18:51:24 IST" finished-at="2020-12-07T18:51:24 IST">
          <reporter-output>
          </reporter-output>
        </test-method> <!-- test_4 -->
      </class> <!-- AbcTests -->
    </test> <!-- Gradle test -->
  </suite> <!-- Gradle suite -->
</testng-results>
